Product projects
---------------------------------------
/Users/bachviet/Documents/Personal/dotnet/cShop/src/Services/Catalog/Query/Application/Application.csproj
/Users/bachviet/Documents/Personal/dotnet/cShop/src/Services/Catalog/Command/EventStore/EventStore.csproj
/Users/bachviet/Documents/Personal/dotnet/cShop/src/BuildingBlock/cShop.Contracts/cShop.Contracts.csproj
/Users/bachviet/Documents/Personal/dotnet/cShop/src/BuildingBlock/cShop.Infrastructure.MongoDb/cShop.Infrastructure.MongoDb.csproj
/Users/bachviet/Documents/Personal/dotnet/cShop/src/BuildingBlock/cShop.Infrastructure/cShop.Infrastructure.csproj
/Users/bachviet/Documents/Personal/dotnet/cShop/src/BuildingBlock/cShop.Infrastructure.Ole/cShop.Infrastructure.Ole.csproj
/Users/bachviet/Documents/Personal/dotnet/cShop/src/Services/Catalog/Query/EventBus/EventBus.csproj
/Users/bachviet/Documents/Personal/dotnet/cShop/src/Services/IdentityServer/IdentityServer.csproj
/Users/bachviet/Documents/Personal/dotnet/cShop/src/Services/Catalog/Command/MessageBus/MessageBus.csproj
/Users/bachviet/Documents/Personal/dotnet/cShop/src/Services/Catalog/Command/Infrastructure/Infrastructure.csproj
/Users/bachviet/Documents/Personal/dotnet/cShop/src/Services/Catalog/Query/Infrastructure/Infrastructure.csproj
/Users/bachviet/Documents/Personal/dotnet/cShop/src/Services/Basket/Command/Application/Application.csproj
/Users/bachviet/Documents/Personal/dotnet/cShop/src/Services/Catalog/Query/Projections/Projections.csproj
/Users/bachviet/Documents/Personal/dotnet/cShop/src/Services/Catalog/Command/Application/Application.csproj
/Users/bachviet/Documents/Personal/dotnet/cShop/src/Services/Basket/Command/MessageBus/MessageBus.csproj
/Users/bachviet/Documents/Personal/dotnet/cShop/src/Services/Catalog/Query/GrpcService/GrpcService.csproj
/Users/bachviet/Documents/Personal/dotnet/cShop/src/BuildingBlock/cShop.Infrastructure.EfCore/cShop.Infrastructure.EfCore.csproj
/Users/bachviet/Documents/Personal/dotnet/cShop/src/Services/Basket/Command/Infrastructure/Infrastructure.csproj
/Users/bachviet/Documents/Personal/dotnet/cShop/src/BuildingBlock/cShop.Core/cShop.Core.csproj
/Users/bachviet/Documents/Personal/dotnet/cShop/src/Services/Basket/Command/Domain/Domain.csproj
/Users/bachviet/Documents/Personal/dotnet/cShop/src/Services/Basket/Command/EventStore/EventStore.csproj
/Users/bachviet/Documents/Personal/dotnet/cShop/src/Services/Catalog/Command/Domain/Domain.csproj
/Users/bachviet/Documents/Personal/dotnet/cShop/src/Services/Basket/Command/WebApi/WebApi.csproj


Test projects
---------------------------------------


Invalid projects
---------------------------------------
{none}


Skipped projects
---------------------------------------
{none}


Excluded projects
---------------------------------------
{none}


